<?xml version="1.0" encoding="UTF-8"?>
<!-- Generated by org.testng.reporters.JUnitXMLReporter -->
<testsuite ignored="4" hostname="FFE-Mousumi-Mahato" failures="0" tests="4" name="Test" time="14.832" errors="0" timestamp="2025-10-31T12:43:31 IST">
  <testcase classname="com.ninza.crm.products.AddProductTest" name="addProductWithMandatoryFieldsTest" time="2.255"/>
  <testcase classname="com.ninza.crm.campaigns.CreateCampaignsTest" name="createCampaignsWithExpectedDateTest" time="1.229"/>
  <testcase classname="com.ninza.crm.campaigns.CreateCampaignsTest" name="createCampaignsWithMandatoryFieldsTest" time="1.103"/>
  <testcase classname="com.ninza.crm.campaigns.CreateCampaignsTest" name="createCampaignsWithStatusTest" time="1.175"/>
  <testcase classname="com.ninza.crm.BaseclassUtility.BaseClass" name="@BeforeTest configBT" time="0.0">
    <ignored/>
  </testcase> <!-- @BeforeTest configBT -->
  <testcase classname="com.ninza.crm.BaseclassUtility.BaseClass" name="@AfterSuite configAS" time="0.0">
    <ignored/>
  </testcase> <!-- @AfterSuite configAS -->
  <testcase classname="com.ninza.crm.BaseclassUtility.BaseClass" name="@AfterTest configAT" time="0.0">
    <ignored/>
  </testcase> <!-- @AfterTest configAT -->
  <testcase classname="com.ninza.crm.BaseclassUtility.BaseClass" name="@BeforeSuite configBS" time="0.0">
    <ignored/>
  </testcase> <!-- @BeforeSuite configBS -->
</testsuite> <!-- Test -->
