<?xml version="1.0" encoding="UTF-8"?>
<testng-results ignored="0" total="4" passed="4" failed="0" skipped="0">
  <reporter-output>
    <line>
      <![CDATA[Established the DB connectivity]]>
    </line>
    <line>
      <![CDATA[Pre-Condition]]>
    </line>
    <line>
      <![CDATA[Successfully launched browser]]>
    </line>
    <line>
      <![CDATA[Navigate to NijaCRM]]>
    </line>
    <line>
      <![CDATA[Successfully log in]]>
    </line>
    <line>
      <![CDATA[campaigns created successfullyFire Flink_2158]]>
    </line>
    <line>
      <![CDATA[campaigns created successfullyFire Flink_2158]]>
    </line>
    <line>
      <![CDATA[campaigns created successfullyFire Flink_2158]]>
    </line>
    <line>
      <![CDATA[Navigate to NijaCRM]]>
    </line>
    <line>
      <![CDATA[Successfully log in]]>
    </line>
    <line>
      <![CDATA[campaigns created successfullyFire Flink_4699]]>
    </line>
    <line>
      <![CDATA[Navigate to NijaCRM]]>
    </line>
    <line>
      <![CDATA[Successfully log in]]>
    </line>
    <line>
      <![CDATA[campaigns created successfullyFire Flink_2081]]>
    </line>
    <line>
      <![CDATA[Successfully launched browser]]>
    </line>
    <line>
      <![CDATA[Navigate to NijaCRM]]>
    </line>
    <line>
      <![CDATA[Successfully log in]]>
    </line>
    <line>
      <![CDATA[product created successfullyff_3980]]>
    </line>
    <line>
      <![CDATA[Post Condition]]>
    </line>
    <line>
      <![CDATA[Closed the DB connectivity]]>
    </line>
  </reporter-output>
  <suite started-at="2025-10-31T14:22:44 IST" name="Surefire suite" finished-at="2025-10-31T14:23:18 IST" duration-ms="34114">
    <groups>
      <group name="regressionTest">
        <method signature="CreateCampaignsTest.createCampaignsWithStatusTest()[pri:0, instance:com.ninza.crm.campaigns.CreateCampaignsTest@7ce3cb8e]" name="createCampaignsWithStatusTest" class="com.ninza.crm.campaigns.CreateCampaignsTest"/>
      </group> <!-- regressionTest -->
      <group name="smokeTest">
        <method signature="CreateCampaignsTest.createCampaignsWithExpectedDateTest()[pri:0, instance:com.ninza.crm.campaigns.CreateCampaignsTest@7ce3cb8e]" name="createCampaignsWithExpectedDateTest" class="com.ninza.crm.campaigns.CreateCampaignsTest"/>
        <method signature="CreateCampaignsTest.createCampaignsWithMandatoryFieldsTest()[pri:0, instance:com.ninza.crm.campaigns.CreateCampaignsTest@7ce3cb8e]" name="createCampaignsWithMandatoryFieldsTest" class="com.ninza.crm.campaigns.CreateCampaignsTest"/>
        <method signature="AddProductTest.addProductWithMandatoryFieldsTest()[pri:0, instance:com.ninza.crm.products.AddProductTest@6fe7aac8]" name="addProductWithMandatoryFieldsTest" class="com.ninza.crm.products.AddProductTest"/>
      </group> <!-- smokeTest -->
    </groups>
    <test started-at="2025-10-31T14:22:44 IST" name="Surefire test" finished-at="2025-10-31T14:23:18 IST" duration-ms="34114">
      <class name="com.ninza.crm.products.AddProductTest">
        <test-method is-config="true" signature="configBC()[pri:0, instance:com.ninza.crm.products.AddProductTest@6fe7aac8]" started-at="2025-10-31T14:23:09 IST" name="configBC" finished-at="2025-10-31T14:23:11 IST" duration-ms="1905" status="PASS">
          <reporter-output>
            <line>
              <![CDATA[Successfully launched browser]]>
            </line>
          </reporter-output>
        </test-method> <!-- configBC -->
        <test-method is-config="true" signature="configBM()[pri:0, instance:com.ninza.crm.products.AddProductTest@6fe7aac8]" started-at="2025-10-31T14:23:11 IST" name="configBM" finished-at="2025-10-31T14:23:13 IST" duration-ms="2315" status="PASS">
          <reporter-output>
            <line>
              <![CDATA[Navigate to NijaCRM]]>
            </line>
            <line>
              <![CDATA[Successfully log in]]>
            </line>
          </reporter-output>
        </test-method> <!-- configBM -->
        <test-method signature="addProductWithMandatoryFieldsTest()[pri:0, instance:com.ninza.crm.products.AddProductTest@6fe7aac8]" started-at="2025-10-31T14:23:13 IST" name="addProductWithMandatoryFieldsTest" finished-at="2025-10-31T14:23:16 IST" duration-ms="2852" status="PASS">
          <reporter-output>
            <line>
              <![CDATA[product created successfullyff_3980]]>
            </line>
          </reporter-output>
        </test-method> <!-- addProductWithMandatoryFieldsTest -->
        <test-method is-config="true" signature="configAM()[pri:0, instance:com.ninza.crm.products.AddProductTest@6fe7aac8]" started-at="2025-10-31T14:23:16 IST" name="configAM" finished-at="2025-10-31T14:23:18 IST" duration-ms="1457" status="PASS">
          <reporter-output>
          </reporter-output>
        </test-method> <!-- configAM -->
        <test-method is-config="true" signature="configAC()[pri:0, instance:com.ninza.crm.products.AddProductTest@6fe7aac8]" started-at="2025-10-31T14:23:18 IST" name="configAC" finished-at="2025-10-31T14:23:18 IST" duration-ms="411" status="PASS">
          <reporter-output>
          </reporter-output>
        </test-method> <!-- configAC -->
      </class> <!-- com.ninza.crm.products.AddProductTest -->
      <class name="com.ninza.crm.campaigns.CreateCampaignsTest">
        <test-method is-config="true" signature="configBS()[pri:0, instance:com.ninza.crm.campaigns.CreateCampaignsTest@7ce3cb8e]" started-at="2025-10-31T14:22:44 IST" name="configBS" finished-at="2025-10-31T14:22:44 IST" duration-ms="19" status="PASS">
          <reporter-output>
            <line>
              <![CDATA[Established the DB connectivity]]>
            </line>
          </reporter-output>
        </test-method> <!-- configBS -->
        <test-method is-config="true" signature="configBT()[pri:0, instance:com.ninza.crm.campaigns.CreateCampaignsTest@7ce3cb8e]" started-at="2025-10-31T14:22:44 IST" name="configBT" finished-at="2025-10-31T14:22:44 IST" duration-ms="0" status="PASS">
          <reporter-output>
            <line>
              <![CDATA[Pre-Condition]]>
            </line>
          </reporter-output>
        </test-method> <!-- configBT -->
        <test-method is-config="true" signature="configBC()[pri:0, instance:com.ninza.crm.campaigns.CreateCampaignsTest@7ce3cb8e]" started-at="2025-10-31T14:22:44 IST" name="configBC" finished-at="2025-10-31T14:22:49 IST" duration-ms="4644" status="PASS">
          <reporter-output>
            <line>
              <![CDATA[Successfully launched browser]]>
            </line>
          </reporter-output>
        </test-method> <!-- configBC -->
        <test-method is-config="true" signature="configBM()[pri:0, instance:com.ninza.crm.campaigns.CreateCampaignsTest@7ce3cb8e]" started-at="2025-10-31T14:22:49 IST" name="configBM" finished-at="2025-10-31T14:22:51 IST" duration-ms="2635" status="PASS">
          <reporter-output>
            <line>
              <![CDATA[Navigate to NijaCRM]]>
            </line>
            <line>
              <![CDATA[Successfully log in]]>
            </line>
          </reporter-output>
        </test-method> <!-- configBM -->
        <test-method signature="createCampaignsWithExpectedDateTest()[pri:0, instance:com.ninza.crm.campaigns.CreateCampaignsTest@7ce3cb8e]" started-at="2025-10-31T14:22:51 IST" name="createCampaignsWithExpectedDateTest" finished-at="2025-10-31T14:22:55 IST" duration-ms="3873" status="PASS">
          <reporter-output>
            <line>
              <![CDATA[campaigns created successfullyFire Flink_2158]]>
            </line>
            <line>
              <![CDATA[campaigns created successfullyFire Flink_2158]]>
            </line>
            <line>
              <![CDATA[campaigns created successfullyFire Flink_2158]]>
            </line>
          </reporter-output>
        </test-method> <!-- createCampaignsWithExpectedDateTest -->
        <test-method is-config="true" signature="configAM()[pri:0, instance:com.ninza.crm.campaigns.CreateCampaignsTest@7ce3cb8e]" started-at="2025-10-31T14:22:55 IST" name="configAM" finished-at="2025-10-31T14:22:57 IST" duration-ms="2160" status="PASS">
          <reporter-output>
          </reporter-output>
        </test-method> <!-- configAM -->
        <test-method is-config="true" signature="configBM()[pri:0, instance:com.ninza.crm.campaigns.CreateCampaignsTest@7ce3cb8e]" started-at="2025-10-31T14:22:57 IST" name="configBM" finished-at="2025-10-31T14:22:59 IST" duration-ms="1681" status="PASS">
          <reporter-output>
            <line>
              <![CDATA[Navigate to NijaCRM]]>
            </line>
            <line>
              <![CDATA[Successfully log in]]>
            </line>
          </reporter-output>
        </test-method> <!-- configBM -->
        <test-method signature="createCampaignsWithMandatoryFieldsTest()[pri:0, instance:com.ninza.crm.campaigns.CreateCampaignsTest@7ce3cb8e]" started-at="2025-10-31T14:22:59 IST" name="createCampaignsWithMandatoryFieldsTest" finished-at="2025-10-31T14:23:01 IST" duration-ms="1784" status="PASS">
          <reporter-output>
            <line>
              <![CDATA[campaigns created successfullyFire Flink_4699]]>
            </line>
          </reporter-output>
        </test-method> <!-- createCampaignsWithMandatoryFieldsTest -->
        <test-method is-config="true" signature="configAM()[pri:0, instance:com.ninza.crm.campaigns.CreateCampaignsTest@7ce3cb8e]" started-at="2025-10-31T14:23:01 IST" name="configAM" finished-at="2025-10-31T14:23:02 IST" duration-ms="1582" status="PASS">
          <reporter-output>
          </reporter-output>
        </test-method> <!-- configAM -->
        <test-method is-config="true" signature="configBM()[pri:0, instance:com.ninza.crm.campaigns.CreateCampaignsTest@7ce3cb8e]" started-at="2025-10-31T14:23:02 IST" name="configBM" finished-at="2025-10-31T14:23:04 IST" duration-ms="1736" status="PASS">
          <reporter-output>
            <line>
              <![CDATA[Navigate to NijaCRM]]>
            </line>
            <line>
              <![CDATA[Successfully log in]]>
            </line>
          </reporter-output>
        </test-method> <!-- configBM -->
        <test-method signature="createCampaignsWithStatusTest()[pri:0, instance:com.ninza.crm.campaigns.CreateCampaignsTest@7ce3cb8e]" started-at="2025-10-31T14:23:04 IST" name="createCampaignsWithStatusTest" finished-at="2025-10-31T14:23:06 IST" duration-ms="2039" status="PASS">
          <reporter-output>
            <line>
              <![CDATA[campaigns created successfullyFire Flink_2081]]>
            </line>
          </reporter-output>
        </test-method> <!-- createCampaignsWithStatusTest -->
        <test-method is-config="true" signature="configAM()[pri:0, instance:com.ninza.crm.campaigns.CreateCampaignsTest@7ce3cb8e]" started-at="2025-10-31T14:23:06 IST" name="configAM" finished-at="2025-10-31T14:23:08 IST" duration-ms="2333" status="PASS">
          <reporter-output>
          </reporter-output>
        </test-method> <!-- configAM -->
        <test-method is-config="true" signature="configAC()[pri:0, instance:com.ninza.crm.campaigns.CreateCampaignsTest@7ce3cb8e]" started-at="2025-10-31T14:23:08 IST" name="configAC" finished-at="2025-10-31T14:23:09 IST" duration-ms="589" status="PASS">
          <reporter-output>
          </reporter-output>
        </test-method> <!-- configAC -->
        <test-method is-config="true" signature="configAT()[pri:0, instance:com.ninza.crm.campaigns.CreateCampaignsTest@7ce3cb8e]" started-at="2025-10-31T14:23:18 IST" name="configAT" finished-at="2025-10-31T14:23:18 IST" duration-ms="0" status="PASS">
          <reporter-output>
            <line>
              <![CDATA[Post Condition]]>
            </line>
          </reporter-output>
        </test-method> <!-- configAT -->
        <test-method is-config="true" signature="configAS()[pri:0, instance:com.ninza.crm.campaigns.CreateCampaignsTest@7ce3cb8e]" started-at="2025-10-31T14:23:18 IST" name="configAS" finished-at="2025-10-31T14:23:18 IST" duration-ms="0" status="PASS">
          <reporter-output>
            <line>
              <![CDATA[Closed the DB connectivity]]>
            </line>
          </reporter-output>
        </test-method> <!-- configAS -->
      </class> <!-- com.ninza.crm.campaigns.CreateCampaignsTest -->
    </test> <!-- Surefire test -->
  </suite> <!-- Surefire suite -->
</testng-results>
