<?xml version="1.0" encoding="UTF-8"?>
<testsuite xmlns:xsi="http://www.w3.org/2001/XMLSchema-instance" xsi:noNamespaceSchemaLocation="https://maven.apache.org/surefire/maven-surefire-plugin/xsd/surefire-test-report-3.0.xsd" version="3.0" name="TestSuite" time="36.188" tests="4" errors="0" skipped="0" failures="0">
  <properties>
[...]
</properties>
  <testcase name="createCampaignsWithExpectedDateTest" classname="com.ninza.crm.campaigns.CreateCampaignsTest" time="3.841">
    <system-out><![CDATA[Established the DB connectivity
Pre-Condition
Successfully launched browser
Navigate to NijaCRM
Successfully log in
createCampaignsWithExpectedDateTestExecution started
campaigns created successfullyFire Flink_2158
campaigns created successfullyFire Flink_2158
campaigns created successfullyFire Flink_2158
]]></system-out>
    <system-err><![CDATA[SLF4J: Failed to load class "org.slf4j.impl.StaticLoggerBinder".
SLF4J: Defaulting to no-operation (NOP) logger implementation
SLF4J: See http://www.slf4j.org/codes.html#StaticLoggerBinder for further details.
Oct 31, 2025 2:22:48 PM org.openqa.selenium.devtools.CdpVersionFinder findNearestMatch
WARNING: Unable to find an exact match for CDP version 141, returning the closest version; found: 138; Please update to a Selenium version that supports CDP version 141
]]></system-err>
  </testcase>
  <testcase name="createCampaignsWithMandatoryFieldsTest" classname="com.ninza.crm.campaigns.CreateCampaignsTest" time="1.78">
    <system-out><![CDATA[Navigate to NijaCRM
Successfully log in
createCampaignsWithMandatoryFieldsTestExecution started
campaigns created successfullyFire Flink_4699
]]></system-out>
  </testcase>
  <testcase name="createCampaignsWithStatusTest" classname="com.ninza.crm.campaigns.CreateCampaignsTest" time="2.034">
    <system-out><![CDATA[Navigate to NijaCRM
Successfully log in
createCampaignsWithStatusTestExecution started
campaigns created successfullyFire Flink_2081
]]></system-out>
  </testcase>
  <testcase name="addProductWithMandatoryFieldsTest" classname="com.ninza.crm.products.AddProductTest" time="2.849">
    <system-out><![CDATA[Successfully launched browser
Navigate to NijaCRM
Successfully log in
addProductWithMandatoryFieldsTestExecution started
product created successfullyff_3980
]]></system-out>
    <system-err><![CDATA[Oct 31, 2025 2:23:11 PM org.openqa.selenium.devtools.CdpVersionFinder findNearestMatch
WARNING: Unable to find an exact match for CDP version 141, returning the closest version; found: 138; Please update to a Selenium version that supports CDP version 141
]]></system-err>
  </testcase>
</testsuite>