<?xml version="1.0" encoding="UTF-8"?>
<testng-results ignored="2" total="3" passed="1" failed="0" skipped="0">
  <reporter-output>
    <line>
      <![CDATA[Established the DB connectivity]]>
    </line>
    <line>
      <![CDATA[Pre-Condition]]>
    </line>
    <line>
      <![CDATA[Successfully launched browser]]>
    </line>
    <line>
      <![CDATA[Navigate to NijaCRM]]>
    </line>
    <line>
      <![CDATA[Successfully log in]]>
    </line>
    <line>
      <![CDATA[campaigns created successfullyFire Flink_4537]]>
    </line>
    <line>
      <![CDATA[Post Condition]]>
    </line>
    <line>
      <![CDATA[Closed the DB connectivity]]>
    </line>
  </reporter-output>
  <suite started-at="2025-11-04T05:46:12 IST" name="Default suite" finished-at="2025-11-04T05:46:21 IST" duration-ms="9270">
    <groups>
      <group name="smokeTest">
        <method signature="CreateCampaignsTest.createCampaignsWithMandatoryFieldsTest()[pri:0, instance:com.ninza.crm.campaigns.CreateCampaignsTest@2a5c8d3f]" name="createCampaignsWithMandatoryFieldsTest" class="com.ninza.crm.campaigns.CreateCampaignsTest"/>
      </group> <!-- smokeTest -->
    </groups>
    <test started-at="2025-11-04T05:46:12 IST" name="Default test" finished-at="2025-11-04T05:46:21 IST" duration-ms="9270">
      <class name="com.ninza.crm.campaigns.CreateCampaignsTest">
        <test-method is-config="true" signature="configBS()[pri:0, instance:com.ninza.crm.campaigns.CreateCampaignsTest@2a5c8d3f]" started-at="2025-11-04T05:46:12 IST" name="configBS" finished-at="2025-11-04T05:46:12 IST" duration-ms="11" status="PASS">
          <reporter-output>
            <line>
              <![CDATA[Established the DB connectivity]]>
            </line>
          </reporter-output>
        </test-method> <!-- configBS -->
        <test-method is-config="true" signature="configBT()[pri:0, instance:com.ninza.crm.campaigns.CreateCampaignsTest@2a5c8d3f]" started-at="2025-11-04T05:46:12 IST" name="configBT" finished-at="2025-11-04T05:46:12 IST" duration-ms="1" status="PASS">
          <reporter-output>
            <line>
              <![CDATA[Pre-Condition]]>
            </line>
          </reporter-output>
        </test-method> <!-- configBT -->
        <test-method is-config="true" signature="configBC()[pri:0, instance:com.ninza.crm.campaigns.CreateCampaignsTest@2a5c8d3f]" started-at="2025-11-04T05:46:12 IST" name="configBC" finished-at="2025-11-04T05:46:14 IST" duration-ms="2431" status="PASS">
          <reporter-output>
            <line>
              <![CDATA[Successfully launched browser]]>
            </line>
          </reporter-output>
        </test-method> <!-- configBC -->
        <test-method is-config="true" signature="configBM()[pri:0, instance:com.ninza.crm.campaigns.CreateCampaignsTest@2a5c8d3f]" started-at="2025-11-04T05:46:14 IST" name="configBM" finished-at="2025-11-04T05:46:17 IST" duration-ms="2700" status="PASS">
          <reporter-output>
            <line>
              <![CDATA[Navigate to NijaCRM]]>
            </line>
            <line>
              <![CDATA[Successfully log in]]>
            </line>
          </reporter-output>
        </test-method> <!-- configBM -->
        <test-method signature="createCampaignsWithMandatoryFieldsTest()[pri:0, instance:com.ninza.crm.campaigns.CreateCampaignsTest@2a5c8d3f]" started-at="2025-11-04T05:46:17 IST" name="createCampaignsWithMandatoryFieldsTest" finished-at="2025-11-04T05:46:19 IST" duration-ms="2132" status="PASS">
          <reporter-output>
            <line>
              <![CDATA[campaigns created successfullyFire Flink_4537]]>
            </line>
          </reporter-output>
        </test-method> <!-- createCampaignsWithMandatoryFieldsTest -->
        <test-method is-config="true" signature="configAM()[pri:0, instance:com.ninza.crm.campaigns.CreateCampaignsTest@2a5c8d3f]" started-at="2025-11-04T05:46:19 IST" name="configAM" finished-at="2025-11-04T05:46:21 IST" duration-ms="1687" status="PASS">
          <reporter-output>
          </reporter-output>
        </test-method> <!-- configAM -->
        <test-method is-config="true" signature="configAC()[pri:0, instance:com.ninza.crm.campaigns.CreateCampaignsTest@2a5c8d3f]" started-at="2025-11-04T05:46:21 IST" name="configAC" finished-at="2025-11-04T05:46:21 IST" duration-ms="278" status="PASS">
          <reporter-output>
          </reporter-output>
        </test-method> <!-- configAC -->
        <test-method is-config="true" signature="configAT()[pri:0, instance:com.ninza.crm.campaigns.CreateCampaignsTest@2a5c8d3f]" started-at="2025-11-04T05:46:21 IST" name="configAT" finished-at="2025-11-04T05:46:21 IST" duration-ms="1" status="PASS">
          <reporter-output>
            <line>
              <![CDATA[Post Condition]]>
            </line>
          </reporter-output>
        </test-method> <!-- configAT -->
        <test-method is-config="true" signature="configAS()[pri:0, instance:com.ninza.crm.campaigns.CreateCampaignsTest@2a5c8d3f]" started-at="2025-11-04T05:46:21 IST" name="configAS" finished-at="2025-11-04T05:46:21 IST" duration-ms="1" status="PASS">
          <reporter-output>
            <line>
              <![CDATA[Closed the DB connectivity]]>
            </line>
          </reporter-output>
        </test-method> <!-- configAS -->
      </class> <!-- com.ninza.crm.campaigns.CreateCampaignsTest -->
    </test> <!-- Default test -->
  </suite> <!-- Default suite -->
</testng-results>
