<?xml version="1.0" encoding="UTF-8"?>
<!-- Generated by org.testng.reporters.JUnitXMLReporter -->
<testsuite ignored="0" hostname="FFE-Mousumi-Mahato" failures="0" tests="4" name="Test" time="19.076" errors="0" timestamp="2025-10-24T10:51:59 IST">
  <testcase classname="com.ninja.crm.campaigns.AddProductTest" name="addProductWithMandatoryFieldsTest" time="3.637"/>
  <testcase classname="com.ninja.crm.campaigns.CreateCampaignsTest" name="createCampaignsWithExpectedDateTest" time="8.714"/>
  <testcase classname="com.ninja.crm.campaigns.CreateCampaignsTest" name="createCampaignsWithMandatoryFieldsTest" time="3.299"/>
  <testcase classname="com.ninja.crm.campaigns.CreateCampaignsTest" name="createCampaignsWithStatusTest" time="3.384"/>
</testsuite> <!-- Test -->
