<?xml version="1.0" encoding="UTF-8"?>
<!-- Generated by org.testng.reporters.JUnitReportReporter -->
<testsuite hostname="FFE-Mousumi-Mahato" failures="0" tests="1" name="com.ninza.crm.products.AddProductTest" time="13.918" errors="0" timestamp="2025-10-31T12:17:18 IST" skipped="0">
  <testcase classname="com.ninza.crm.products.AddProductTest" name="addProductWithMandatoryFieldsTest" time="13.918">
    <system-out>
      <![CDATA[product created successfullyff_255]]>
    </system-out>
  </testcase> <!-- addProductWithMandatoryFieldsTest -->
  <system-out>
    <![CDATA[Established the DB connectivity
Pre-Condition
Successfully launched browser
Navigate to NijaCRM
Successfully log in
product created successfullyff_255
Post Condition
Closed the DB connectivity]]>
  </system-out>
</testsuite> <!-- com.ninza.crm.products.AddProductTest -->
