<?xml version="1.0" encoding="UTF-8"?>
<!-- Generated by org.testng.reporters.JUnitReportReporter -->
<testsuite hostname="FFE-Mousumi-Mahato" failures="0" tests="1" name="com.ninza.crm.campaigns.CreateCampaignsTest" time="6.519" errors="0" timestamp="2025-11-04T05:46:22 IST" skipped="0">
  <testcase classname="com.ninza.crm.campaigns.CreateCampaignsTest" name="createCampaignsWithMandatoryFieldsTest" time="6.519">
    <system-out>
      <![CDATA[campaigns created successfullyFire Flink_4537]]>
    </system-out>
  </testcase> <!-- createCampaignsWithMandatoryFieldsTest -->
  <system-out>
    <![CDATA[Established the DB connectivity
Pre-Condition
Successfully launched browser
Navigate to NijaCRM
Successfully log in
campaigns created successfullyFire Flink_4537
Post Condition
Closed the DB connectivity]]>
  </system-out>
</testsuite> <!-- com.ninza.crm.campaigns.CreateCampaignsTest -->
