<?xml version="1.0" encoding="UTF-8"?>
<!-- Generated by org.testng.reporters.JUnitReportReporter -->
<testsuite hostname="FFE-Mousumi-Mahato" failures="0" tests="3" name="com.ninza.crm.campaigns.CreateCampaignsTest" time="19.823" errors="0" timestamp="2025-10-31T14:23:19 IST" skipped="0">
  <testcase classname="com.ninza.crm.campaigns.CreateCampaignsTest" name="createCampaignsWithExpectedDateTest" time="7.942">
    <system-out>
      <![CDATA[campaigns created successfullyFire Flink_2158
campaigns created successfullyFire Flink_2158
campaigns created successfullyFire Flink_2158]]>
    </system-out>
  </testcase> <!-- createCampaignsWithExpectedDateTest -->
  <testcase classname="com.ninza.crm.campaigns.CreateCampaignsTest" name="createCampaignsWithMandatoryFieldsTest" time="6.579">
    <system-out>
      <![CDATA[campaigns created successfullyFire Flink_4699]]>
    </system-out>
  </testcase> <!-- createCampaignsWithMandatoryFieldsTest -->
  <testcase classname="com.ninza.crm.campaigns.CreateCampaignsTest" name="createCampaignsWithStatusTest" time="5.302">
    <system-out>
      <![CDATA[campaigns created successfullyFire Flink_2081]]>
    </system-out>
  </testcase> <!-- createCampaignsWithStatusTest -->
  <system-out>
    <![CDATA[Established the DB connectivity
Pre-Condition
Successfully launched browser
Navigate to NijaCRM
Successfully log in
campaigns created successfullyFire Flink_2158
campaigns created successfullyFire Flink_2158
campaigns created successfullyFire Flink_2158
Navigate to NijaCRM
Successfully log in
campaigns created successfullyFire Flink_4699
Navigate to NijaCRM
Successfully log in
campaigns created successfullyFire Flink_2081
Successfully launched browser
Navigate to NijaCRM
Successfully log in
product created successfullyff_3980
Post Condition
Closed the DB connectivity]]>
  </system-out>
</testsuite> <!-- com.ninza.crm.campaigns.CreateCampaignsTest -->
