<?xml version="1.0" encoding="UTF-8"?>
<!-- Generated by org.testng.reporters.JUnitXMLReporter -->
<testsuite ignored="2" hostname="FFE-Mousumi-Mahato" failures="0" tests="1" name="Default test" time="9.27" errors="0" timestamp="2025-11-04T05:46:21 IST">
  <testcase classname="com.ninza.crm.campaigns.CreateCampaignsTest" name="createCampaignsWithMandatoryFieldsTest" time="2.132"/>
  <testcase classname="com.ninza.crm.campaigns.CreateCampaignsTest" name="createCampaignsWithStatusTest" time="0.0">
    <ignored/>
  </testcase> <!-- createCampaignsWithStatusTest -->
  <testcase classname="com.ninza.crm.campaigns.CreateCampaignsTest" name="createCampaignsWithExpectedDateTest" time="0.0">
    <ignored/>
  </testcase> <!-- createCampaignsWithExpectedDateTest -->
</testsuite> <!-- Default test -->
